<?xml version="1.0" encoding="UTF-8"?>
<testng-results ignored="0" total="1" passed="0" failed="1" skipped="0">
  <reporter-output>
  </reporter-output>
  <suite started-at="2023-04-18T22:07:23 BST" name="All Test Suite" finished-at="2023-04-18T22:07:35 BST" duration-ms="12177">
    <groups>
      <group name="cucumber">
        <method signature="AbstractTestNGCucumberTests.runScenario(io.cucumber.testng.PickleWrapper,io.cucumber.testng.FeatureWrapper)[pri:0, instance:com.ita.Runner.TestNGRunner@15043a2f]" name="runScenario" class="io.cucumber.testng.AbstractTestNGCucumberTests"/>
      </group> <!-- cucumber -->
    </groups>
    <test started-at="2023-04-18T22:07:23 BST" name="Cucumber" finished-at="2023-04-18T22:07:35 BST" duration-ms="12177">
      <class name="com.ita.Runner.TestNGRunner">
        <test-method is-config="true" signature="setUpClass(org.testng.ITestContext)[pri:0, instance:com.ita.Runner.TestNGRunner@15043a2f]" started-at="2023-04-18T22:07:23 BST" name="setUpClass" finished-at="2023-04-18T22:07:24 BST" duration-ms="1616" status="PASS">
          <params>
            <param index="0">
              <value>
                <![CDATA[org.testng.TestRunner@1b410308]]>
              </value>
            </param>
          </params>
          <reporter-output>
          </reporter-output>
        </test-method> <!-- setUpClass -->
        <test-method signature="runScenario(io.cucumber.testng.PickleWrapper,io.cucumber.testng.FeatureWrapper)[pri:0, instance:com.ita.Runner.TestNGRunner@15043a2f]" started-at="2023-04-18T22:07:24 BST" name="runScenario" description="Runs Cucumber Scenarios" data-provider="scenarios" finished-at="2023-04-18T22:07:33 BST" duration-ms="9050" status="FAIL">
          <params>
            <param index="0">
              <value>
                <![CDATA["Verify the input box fields are editable and can accept valid values."]]>
              </value>
            </param>
            <param index="1">
              <value>
                <![CDATA["As a user I should be able to add my work experience."]]>
              </value>
            </param>
          </params>
          <exception class="java.lang.AssertionError">
            <message>
              <![CDATA[expected [true] but found [false]]]>
            </message>
            <full-stacktrace>
              <![CDATA[java.lang.AssertionError: expected [true] but found [false]
at org.testng.Assert.fail(Assert.java:110)
at org.testng.Assert.failNotEquals(Assert.java:1577)
at org.testng.Assert.assertTrue(Assert.java:56)
at org.testng.Assert.assertTrue(Assert.java:66)
at com.ita.stepDefinitions.ViewCvs.theUserNavigatesToTheWorkExperienceTab(ViewCvs.java:52)
at âœ½.the user navigates to the Work Experience tab(file:///D:/Training/Batch2_Oct_2022/12032003/October2022Batch/src/test/java/com/ita/features/ViewCVs.feature:5)
]]>
            </full-stacktrace>
          </exception> <!-- java.lang.AssertionError -->
          <reporter-output>
          </reporter-output>
        </test-method> <!-- runScenario -->
        <test-method is-config="true" signature="tearDownClass()[pri:0, instance:com.ita.Runner.TestNGRunner@15043a2f]" started-at="2023-04-18T22:07:34 BST" name="tearDownClass" finished-at="2023-04-18T22:07:35 BST" duration-ms="1286" status="PASS">
          <reporter-output>
          </reporter-output>
        </test-method> <!-- tearDownClass -->
      </class> <!-- com.ita.Runner.TestNGRunner -->
    </test> <!-- Cucumber -->
  </suite> <!-- All Test Suite -->
</testng-results>
